<?xml version="1.0" encoding="UTF-8"?>
<robot generator="Robot 3.1.2 (Python 3.8.0 on win32)" generated="20191103 16:58:00.686" rpa="false">
<suite id="s1" name="RobotProject1" source="C:\Users\urvij\git\RobotProject_Demo\RobotProject1">
<suite id="s1-s1" name="Test" source="C:\Users\urvij\git\RobotProject_Demo\RobotProject1\Test">
<suite id="s1-s1-s1" name="TestSuite1" source="C:\Users\urvij\git\RobotProject_Demo\RobotProject1\Test\TestSuite1.robot">
<kw name="Log" library="BuiltIn" type="setup">
<doc>Logs the given message with the given level.</doc>
<arguments>
<arg>I am inside Test Suite Setup</arg>
</arguments>
<msg timestamp="20191103 16:58:00.912" level="INFO">I am inside Test Suite Setup</msg>
<status status="PASS" starttime="20191103 16:58:00.912" endtime="20191103 16:58:00.913"></status>
</kw>
<test id="s1-s1-s1-t1" name="YoutubeSampleTest">
<kw name="Log" library="BuiltIn" type="setup">
<doc>Logs the given message with the given level.</doc>
<arguments>
<arg>I am inside Test Setup</arg>
</arguments>
<msg timestamp="20191103 16:58:00.914" level="INFO">I am inside Test Setup</msg>
<status status="PASS" starttime="20191103 16:58:00.914" endtime="20191103 16:58:00.914"></status>
</kw>
<kw name="Open Browser" library="SeleniumLibrary">
<doc>Opens a new browser instance to the optional ``url``.</doc>
<arguments>
<arg>https://www.youtube.com</arg>
<arg>chrome</arg>
</arguments>
<msg timestamp="20191103 16:58:00.914" level="INFO">Opening browser 'chrome' to base url 'https://www.youtube.com'.</msg>
<status status="PASS" starttime="20191103 16:58:00.914" endtime="20191103 16:58:08.097"></status>
</kw>
<kw name="Set Browser Implicit Wait" library="SeleniumLibrary">
<doc>Sets the implicit wait value used by Selenium.</doc>
<arguments>
<arg>5</arg>
</arguments>
<status status="PASS" starttime="20191103 16:58:08.097" endtime="20191103 16:58:08.102"></status>
</kw>
<kw name="Maximize Browser Window" library="SeleniumLibrary">
<doc>Maximizes current browser window.</doc>
<status status="PASS" starttime="20191103 16:58:08.102" endtime="20191103 16:58:12.303"></status>
</kw>
<kw name="Input Text" library="SeleniumLibrary">
<doc>Types the given ``text`` into the text field identified by ``locator``.</doc>
<arguments>
<arg>name=search_query</arg>
<arg>Robot framework</arg>
</arguments>
<msg timestamp="20191103 16:58:12.304" level="INFO">Typing text 'Robot framework' into text field 'name=search_query'.</msg>
<status status="PASS" starttime="20191103 16:58:12.303" endtime="20191103 16:58:12.590"></status>
</kw>
<kw name="Press Keys" library="SeleniumLibrary">
<doc>Simulates the user pressing key(s) to an element or on the active browser.</doc>
<arguments>
<arg>id=search</arg>
<arg>ENTER</arg>
</arguments>
<msg timestamp="20191103 16:58:12.590" level="INFO">Sending key(s) ('ENTER',) to id=search element.</msg>
<msg timestamp="20191103 16:58:12.600" level="INFO">Pressing special key ENTER to element.</msg>
<status status="PASS" starttime="20191103 16:58:12.590" endtime="20191103 16:58:13.244"></status>
</kw>
<kw name="Close Browser" library="SeleniumLibrary">
<doc>Closes the current browser.</doc>
<status status="PASS" starttime="20191103 16:58:13.245" endtime="20191103 16:58:15.382"></status>
</kw>
<kw name="Log" library="BuiltIn" type="teardown">
<doc>Logs the given message with the given level.</doc>
<arguments>
<arg>I am inside Test Teardown</arg>
</arguments>
<msg timestamp="20191103 16:58:15.386" level="INFO">I am inside Test Teardown</msg>
<status status="PASS" starttime="20191103 16:58:15.384" endtime="20191103 16:58:15.387"></status>
</kw>
<doc>This is a youtube search test</doc>
<tags>
<tag>sanity</tag>
</tags>
<status status="PASS" starttime="20191103 16:58:00.913" endtime="20191103 16:58:15.388" critical="yes"></status>
</test>
<kw name="Log" library="BuiltIn" type="teardown">
<doc>Logs the given message with the given level.</doc>
<arguments>
<arg>I am inside Test Suite Teardown</arg>
</arguments>
<msg timestamp="20191103 16:58:15.393" level="INFO">I am inside Test Suite Teardown</msg>
<status status="PASS" starttime="20191103 16:58:15.392" endtime="20191103 16:58:15.394"></status>
</kw>
<status status="PASS" starttime="20191103 16:58:00.733" endtime="20191103 16:58:15.394"></status>
</suite>
<status status="PASS" starttime="20191103 16:58:00.731" endtime="20191103 16:58:15.403"></status>
</suite>
<status status="PASS" starttime="20191103 16:58:00.713" endtime="20191103 16:58:15.406"></status>
</suite>
<statistics>
<total>
<stat pass="1" fail="0">Critical Tests</stat>
<stat pass="1" fail="0">All Tests</stat>
</total>
<tag>
<stat pass="1" fail="0">sanity</stat>
</tag>
<suite>
<stat pass="1" fail="0" id="s1" name="RobotProject1">RobotProject1</stat>
<stat pass="1" fail="0" id="s1-s1" name="Test">RobotProject1.Test</stat>
<stat pass="1" fail="0" id="s1-s1-s1" name="TestSuite1">RobotProject1.Test.TestSuite1</stat>
</suite>
</statistics>
<errors>
<msg timestamp="20191103 16:58:00.680" level="WARN">Collapsing consecutive whitespace during parsing is deprecated. Fix ' *** Settings ***' in file 'C:\Users\urvij\git\RobotProject_Demo\RobotProject1\Test\TestSuite1.robot' on line 1.</msg>
</errors>
</robot>
